<?xml version="1.0" encoding="UTF-8"?>
<!-- Generated by org.testng.reporters.JUnitReportReporter -->
<testsuite hostname="Jus-MacBook-Pro.local" failures="0" tests="2" name="tests.Test1" time="4.673" errors="0" timestamp="2020-06-03T16:33:25 CST" skipped="0">
  <testcase classname="tests.Test1" name="test1" time="2.406"/>
  <system-out/>
  <testcase classname="tests.Test1" name="test2" time="2.267"/>
  <system-out/>
</testsuite> <!-- tests.Test1 -->
